<?xml version="1.0" encoding="UTF-8"?>
<!-- Generated by org.testng.reporters.JUnitReportReporter -->
<testsuite name="com.qmetry.qaf.automation.step.client.Scenario" tests="2" time="48.619" ignored="0" failures="0" timestamp="10 Jan 2018 04:57:24 GMT" skipped="0" hostname="ICPL12221" errors="0">
  <testcase name="OrbitzFlightBooking" time="48.619" classname="com.qmetry.qaf.automation.step.client.Scenario"/>
  <testcase name="SampleTest" time="0.000" classname="com.qmetry.qaf.automation.step.client.Scenario"/>
</testsuite> <!-- com.qmetry.qaf.automation.step.client.Scenario -->
