<?xml version="1.0" encoding="UTF-8"?>
<!-- Generated by org.testng.reporters.JUnitReportReporter -->
<testsuite name="com.qaforbitzautomation.TestCases.QAFOrbitzAutomationTestCases" tests="1" time="10.559" ignored="0" failures="0" timestamp="05 Jan 2018 11:46:04 GMT" skipped="0" hostname="ICPL12221" errors="0">
  <testcase name="TestCaseOne" time="10.559" classname="com.qaforbitzautomation.TestCases.QAFOrbitzAutomationTestCases"/>
</testsuite> <!-- com.qaforbitzautomation.TestCases.QAFOrbitzAutomationTestCases -->
