<?xml version="1.0" encoding="UTF-8"?>
<!-- Generated by org.testng.reporters.JUnitReportReporter -->
<testsuite name="com.qaforbitzautomation.TestCases.QaforbitzTestCases" tests="1" time="58.098" ignored="0" failures="0" timestamp="09 Jan 2018 11:21:15 GMT" skipped="0" hostname="ICPL12221" errors="0">
  <testcase name="orbizTestCases" time="58.098" classname="com.qaforbitzautomation.TestCases.QaforbitzTestCases"/>
</testsuite> <!-- com.qaforbitzautomation.TestCases.QaforbitzTestCases -->
