<?xml version="1.0" encoding="UTF-8"?>
<!-- Generated by org.testng.reporters.JUnitReportReporter -->
<testsuite name="com.qaforbitzsautomation.TestCases.QAFOrbitzsAutomationTestCases" tests="1" time="2.291" ignored="0" failures="0" timestamp="05 Jan 2018 11:31:36 GMT" skipped="0" hostname="ICPL12221" errors="0">
  <testcase name="TestCaseOne" time="2.291" classname="com.qaforbitzsautomation.TestCases.QAFOrbitzsAutomationTestCases"/>
</testsuite> <!-- com.qaforbitzsautomation.TestCases.QAFOrbitzsAutomationTestCases -->
